Arguments: 
  /usr/bin/node /home/ayanamy/.local/bin/yarn add --dev webpack

PATH: 
  /home/ayanamy/.cargo/bin:/home/ayanamy/Applications:/home/ayanamy/.local/bin:/usr/local/sbin:/usr/local/bin:/usr/bin:/home/ayanamy/.dotnet/tools:/var/lib/flatpak/exports/bin:/usr/lib/jvm/default/bin:/usr/bin/site_perl:/usr/bin/vendor_perl:/usr/bin/core_perl

Yarn version: 
  1.22.17

Node version: 
  17.7.0

Platform: 
  linux x64

Trace: 
  Error: getaddrinfo ENOTFOUND capacitor
      at GetAddrInfoReqWrap.onlookup [as oncomplete] (node:dns:72:26)

npm manifest: 
  {
    "name": "Tape",
    "productName": "Tape",
    "description": "Intimate Project Management",
    "version": "1.3.8",
    "author": "ΛERIF°RM",
    "copyright": "© 2021, aeriform",
    "homepage": "http://www.aeriform.io",
    "license": "MIT",
    "main": "app/background.js",
    "scripts": {
      "install-polyfills": "node install.js"
    },
    "dependencies": {
      "@capacitor/android": "^3.4.3",
      "@capacitor/core": "^3.4.3",
      "detect-csv": "^1.1.0",
      "fs-jetpack": "^0.10.2",
      "jquery": "^3.2.1",
      "json-storage": "^2.1.1",
      "junk": "^2.1.0",
      "localStorage": "^1.0.3",
      "lodash": "^4.17.4",
      "natives": "^1.1.6",
      "run-sequence": "^1.2.2",
      "typescript": "^2.2.1"
    },
    "devDependencies": {
      "jsdom": "^19.0.0",
      "@capacitor/cli": "^3.4.3"
    }
  }

yarn manifest: 
  No manifest

Lockfile: 
  No lockfile
